#! /usr/share/iverilog-0.9.7/bin/vvp
:ivl_version "0.9.7 " "(v0_9_6)";
:vpi_time_precision - 3;
:vpi_module "system";
:vpi_module "v2005_math";
:vpi_module "va_math";
S_0x1c75110 .scope module, "mux_tb" "mux_tb" 2 3;
 .timescale -3 -3;
v0x1c85d80_0 .var "A", 0 0;
v0x1c85e20_0 .var "B", 0 0;
v0x1c85ed0_0 .net "out", 0 0, L_0x1c86460; 1 drivers
v0x1c85f80_0 .var "sel", 0 0;
S_0x1c75200 .scope module, "dut" "MUX_2to1" 2 8, 3 1, S_0x1c75110;
 .timescale 0 0;
L_0x1c86090 .functor XNOR 1, v0x1c85f80_0, C4<0>, C4<0>, C4<0>;
L_0x1c861b0 .functor XNOR 1, v0x1c85f80_0, C4<1>, C4<0>, C4<0>;
v0x1c752f0_0 .net "A", 0 0, v0x1c85d80_0; 1 drivers
v0x1c856e0_0 .net "B", 0 0, v0x1c85e20_0; 1 drivers
v0x1c85780_0 .net *"_s0", 0 0, C4<0>; 1 drivers
v0x1c85820_0 .net *"_s10", 0 0, L_0x1c862a0; 1 drivers
v0x1c858d0_0 .net *"_s2", 0 0, L_0x1c86090; 1 drivers
v0x1c85970_0 .net *"_s4", 0 0, C4<1>; 1 drivers
v0x1c85a50_0 .net *"_s6", 0 0, L_0x1c861b0; 1 drivers
v0x1c85af0_0 .net *"_s8", 0 0, C4<x>; 1 drivers
v0x1c85be0_0 .alias "out", 0 0, v0x1c85ed0_0;
v0x1c85c80_0 .net "sel", 0 0, v0x1c85f80_0; 1 drivers
L_0x1c862a0 .functor MUXZ 1, C4<x>, v0x1c85e20_0, L_0x1c861b0, C4<>;
L_0x1c86460 .functor MUXZ 1, L_0x1c862a0, v0x1c85d80_0, L_0x1c86090, C4<>;
    .scope S_0x1c75110;
T_0 ;
    %vpi_call 2 12 "$dumpfile", "mux.vcd";
    %vpi_call 2 13 "$dumpvars", 1'sb0, S_0x1c75110;
    %set/v v0x1c85d80_0, 0, 1;
    %set/v v0x1c85e20_0, 1, 1;
    %delay 10, 0;
    %set/v v0x1c85f80_0, 0, 1;
    %delay 10, 0;
    %set/v v0x1c85f80_0, 1, 1;
    %delay 10, 0;
    %end;
    .thread T_0;
# The file index is used to find the file name in the following table.
:file_names 4;
    "N/A";
    "<interactive>";
    "testbench.sv";
    "design.sv";
