#! /usr/share/iverilog-0.9.7/bin/vvp
:ivl_version "0.9.7 " "(v0_9_6)";
:vpi_time_precision - 3;
:vpi_module "system";
:vpi_module "v2005_math";
:vpi_module "va_math";
S_0x144a5a0 .scope module, "clock_tb" "clock_tb" 2 3;
 .timescale -3 -3;
v0x145ed60_0 .var "clock", 0 0;
v0x145ee30_0 .net "clock_div", 0 0, v0x145dc20_0; 1 drivers
S_0x144a690 .scope module, "dut" "div_100" 2 8, 3 43, S_0x144a5a0;
 .timescale -3 -3;
v0x145e9c0_0 .net "clock", 0 0, v0x145ed60_0; 1 drivers
v0x145ea70_0 .net "clock_2", 0 0, v0x145e910_0; 1 drivers
v0x145eb40_0 .net "clock_20", 0 0, v0x145e080_0; 1 drivers
v0x145ec10_0 .net "clock_4", 0 0, v0x145e570_0; 1 drivers
v0x145ece0_0 .alias "clock_div", 0 0, v0x145ee30_0;
S_0x145e620 .scope module, "D2_1" "div_2" 3 47, 3 27, S_0x144a690;
 .timescale -3 -3;
v0x145e7b0_0 .var "Q", 0 0;
v0x145e870_0 .alias "clock", 0 0, v0x145e9c0_0;
v0x145e910_0 .var "clock_div", 0 0;
E_0x145e710 .event negedge, v0x145e870_0;
E_0x145e760 .event posedge, v0x145e870_0;
S_0x145e260 .scope module, "D2_2" "div_2" 3 48, 3 27, S_0x144a690;
 .timescale -3 -3;
v0x145e410_0 .var "Q", 0 0;
v0x145e4d0_0 .alias "clock", 0 0, v0x145ea70_0;
v0x145e570_0 .var "clock_div", 0 0;
E_0x145e350 .event negedge, v0x145e4d0_0;
E_0x145e3c0 .event posedge, v0x145e4d0_0;
S_0x145de10 .scope module, "D5_1" "div_5" 3 49, 3 6, S_0x144a690;
 .timescale -3 -3;
v0x145dfc0_0 .alias "clock", 0 0, v0x145ec10_0;
v0x145e080_0 .var "clock_div", 0 0;
v0x145e130_0 .var "count", 2 0;
v0x145e1b0_0 .var "ff_out", 0 0;
E_0x145df00 .event negedge, v0x145dfc0_0;
E_0x145df70 .event posedge, v0x145dfc0_0;
S_0x14492d0 .scope module, "D5_2" "div_5" 3 50, 3 6, S_0x144a690;
 .timescale -3 -3;
v0x14482d0_0 .alias "clock", 0 0, v0x145eb40_0;
v0x145dc20_0 .var "clock_div", 0 0;
v0x145dcc0_0 .var "count", 2 0;
v0x145dd60_0 .var "ff_out", 0 0;
E_0x1438490 .event negedge, v0x14482d0_0;
E_0x14493c0 .event posedge, v0x14482d0_0;
    .scope S_0x145e620;
T_0 ;
    %set/v v0x145e7b0_0, 0, 1;
    %end;
    .thread T_0;
    .scope S_0x145e620;
T_1 ;
    %wait E_0x145e760;
    %load/v 8, v0x145e7b0_0, 1;
    %inv 8, 1;
    %ix/load 0, 1, 0;
    %assign/v0 v0x145e7b0_0, 0, 8;
    %load/v 8, v0x145e7b0_0, 1;
    %set/v v0x145e910_0, 8, 1;
    %jmp T_1;
    .thread T_1;
    .scope S_0x145e620;
T_2 ;
    %wait E_0x145e710;
    %load/v 8, v0x145e7b0_0, 1;
    %set/v v0x145e910_0, 8, 1;
    %jmp T_2;
    .thread T_2;
    .scope S_0x145e260;
T_3 ;
    %set/v v0x145e410_0, 0, 1;
    %end;
    .thread T_3;
    .scope S_0x145e260;
T_4 ;
    %wait E_0x145e3c0;
    %load/v 8, v0x145e410_0, 1;
    %inv 8, 1;
    %ix/load 0, 1, 0;
    %assign/v0 v0x145e410_0, 0, 8;
    %load/v 8, v0x145e410_0, 1;
    %set/v v0x145e570_0, 8, 1;
    %jmp T_4;
    .thread T_4;
    .scope S_0x145e260;
T_5 ;
    %wait E_0x145e350;
    %load/v 8, v0x145e410_0, 1;
    %set/v v0x145e570_0, 8, 1;
    %jmp T_5;
    .thread T_5;
    .scope S_0x145de10;
T_6 ;
    %set/v v0x145e130_0, 0, 3;
    %end;
    .thread T_6;
    .scope S_0x145de10;
T_7 ;
    %set/v v0x145e1b0_0, 0, 1;
    %end;
    .thread T_7;
    .scope S_0x145de10;
T_8 ;
    %wait E_0x145df70;
    %load/v 8, v0x145e130_0, 3;
    %mov 11, 0, 2;
   %cmpi/u 8, 4, 5;
    %jmp/0xz  T_8.0, 5;
    %load/v 8, v0x145e130_0, 3;
    %mov 11, 0, 29;
    %addi 8, 1, 32;
    %ix/load 0, 3, 0;
    %assign/v0 v0x145e130_0, 0, 8;
    %jmp T_8.1;
T_8.0 ;
    %ix/load 0, 3, 0;
    %assign/v0 v0x145e130_0, 0, 0;
T_8.1 ;
    %load/v 8, v0x145e1b0_0, 1;
    %ix/load 1, 1, 0;
    %mov 4, 0, 1;
    %jmp/1 T_8.2, 4;
    %load/x1p 9, v0x145e130_0, 1;
    %jmp T_8.3;
T_8.2 ;
    %mov 9, 2, 1;
T_8.3 ;
; Save base=9 wid=1 in lookaside.
    %or 8, 9, 1;
    %ix/load 0, 1, 0;
    %assign/v0 v0x145e080_0, 0, 8;
    %jmp T_8;
    .thread T_8;
    .scope S_0x145de10;
T_9 ;
    %wait E_0x145df00;
    %ix/load 1, 1, 0;
    %mov 4, 0, 1;
    %jmp/1 T_9.0, 4;
    %load/x1p 8, v0x145e130_0, 1;
    %jmp T_9.1;
T_9.0 ;
    %mov 8, 2, 1;
T_9.1 ;
; Save base=8 wid=1 in lookaside.
    %ix/load 0, 1, 0;
    %assign/v0 v0x145e1b0_0, 0, 8;
    %load/v 8, v0x145e1b0_0, 1;
    %ix/load 1, 1, 0;
    %mov 4, 0, 1;
    %jmp/1 T_9.2, 4;
    %load/x1p 9, v0x145e130_0, 1;
    %jmp T_9.3;
T_9.2 ;
    %mov 9, 2, 1;
T_9.3 ;
; Save base=9 wid=1 in lookaside.
    %or 8, 9, 1;
    %ix/load 0, 1, 0;
    %assign/v0 v0x145e080_0, 0, 8;
    %jmp T_9;
    .thread T_9;
    .scope S_0x14492d0;
T_10 ;
    %set/v v0x145dcc0_0, 0, 3;
    %end;
    .thread T_10;
    .scope S_0x14492d0;
T_11 ;
    %set/v v0x145dd60_0, 0, 1;
    %end;
    .thread T_11;
    .scope S_0x14492d0;
T_12 ;
    %wait E_0x14493c0;
    %load/v 8, v0x145dcc0_0, 3;
    %mov 11, 0, 2;
   %cmpi/u 8, 4, 5;
    %jmp/0xz  T_12.0, 5;
    %load/v 8, v0x145dcc0_0, 3;
    %mov 11, 0, 29;
    %addi 8, 1, 32;
    %ix/load 0, 3, 0;
    %assign/v0 v0x145dcc0_0, 0, 8;
    %jmp T_12.1;
T_12.0 ;
    %ix/load 0, 3, 0;
    %assign/v0 v0x145dcc0_0, 0, 0;
T_12.1 ;
    %load/v 8, v0x145dd60_0, 1;
    %ix/load 1, 1, 0;
    %mov 4, 0, 1;
    %jmp/1 T_12.2, 4;
    %load/x1p 9, v0x145dcc0_0, 1;
    %jmp T_12.3;
T_12.2 ;
    %mov 9, 2, 1;
T_12.3 ;
; Save base=9 wid=1 in lookaside.
    %or 8, 9, 1;
    %ix/load 0, 1, 0;
    %assign/v0 v0x145dc20_0, 0, 8;
    %jmp T_12;
    .thread T_12;
    .scope S_0x14492d0;
T_13 ;
    %wait E_0x1438490;
    %ix/load 1, 1, 0;
    %mov 4, 0, 1;
    %jmp/1 T_13.0, 4;
    %load/x1p 8, v0x145dcc0_0, 1;
    %jmp T_13.1;
T_13.0 ;
    %mov 8, 2, 1;
T_13.1 ;
; Save base=8 wid=1 in lookaside.
    %ix/load 0, 1, 0;
    %assign/v0 v0x145dd60_0, 0, 8;
    %load/v 8, v0x145dd60_0, 1;
    %ix/load 1, 1, 0;
    %mov 4, 0, 1;
    %jmp/1 T_13.2, 4;
    %load/x1p 9, v0x145dcc0_0, 1;
    %jmp T_13.3;
T_13.2 ;
    %mov 9, 2, 1;
T_13.3 ;
; Save base=9 wid=1 in lookaside.
    %or 8, 9, 1;
    %ix/load 0, 1, 0;
    %assign/v0 v0x145dc20_0, 0, 8;
    %jmp T_13;
    .thread T_13;
    .scope S_0x144a5a0;
T_14 ;
    %delay 5, 0;
    %load/v 8, v0x145ed60_0, 1;
    %inv 8, 1;
    %ix/load 0, 1, 0;
    %assign/v0 v0x145ed60_0, 0, 8;
    %jmp T_14;
    .thread T_14;
    .scope S_0x144a5a0;
T_15 ;
    %vpi_call 2 17 "$dumpfile", "div_5.vcd";
    %vpi_call 2 18 "$dumpvars", 1'sb0, S_0x144a5a0;
    %set/v v0x145ed60_0, 0, 1;
    %delay 6000, 0;
    %vpi_call 2 21 "$finish";
    %end;
    .thread T_15;
# The file index is used to find the file name in the following table.
:file_names 4;
    "N/A";
    "<interactive>";
    "testbench.sv";
    "design.sv";
