#! /usr/share/iverilog-0.9.7/bin/vvp
:ivl_version "0.9.7 " "(v0_9_6)";
:vpi_time_precision - 3;
:vpi_module "system";
:vpi_module "v2005_math";
:vpi_module "va_math";
S_0x24698a0 .scope module, "encoder_tb" "encoder_tb" 2 3;
 .timescale -3 -3;
v0x2481aa0_0 .var "enablen", 0 0;
v0x2481c90_0 .net "loadn", 0 0, L_0x24830d0; 1 drivers
v0x2481d40_0 .var "numpad", 9 0;
v0x2481dc0_0 .net "saida_encoder", 3 0, v0x2481950_0; 1 drivers
S_0x2469990 .scope module, "dut" "codificador_prioridade" 2 10, 3 1, S_0x24698a0;
 .timescale 0 0;
L_0x2481150 .functor OR 1, L_0x2481ea0, L_0x2481f40, C4<0>, C4<0>;
L_0x24821e0 .functor OR 1, L_0x2481150, L_0x24820b0, C4<0>, C4<0>;
L_0x2482330 .functor OR 1, L_0x24821e0, L_0x2482290, C4<0>, C4<0>;
L_0x2482500 .functor OR 1, L_0x2482330, L_0x2482460, C4<0>, C4<0>;
L_0x24826a0 .functor OR 1, L_0x2482500, L_0x2482600, C4<0>, C4<0>;
L_0x2482150 .functor OR 1, L_0x24826a0, L_0x24827a0, C4<0>, C4<0>;
L_0x2482b20 .functor OR 1, L_0x2482150, L_0x2482a30, C4<0>, C4<0>;
L_0x2482cc0 .functor OR 1, L_0x2482b20, L_0x2482c20, C4<0>, C4<0>;
L_0x2482f10 .functor OR 1, L_0x2482cc0, L_0x2482e10, C4<0>, C4<0>;
L_0x2482fc0 .functor NOT 1, L_0x2482f10, C4<0>, C4<0>, C4<0>;
L_0x24830d0 .functor OR 1, v0x2481aa0_0, L_0x2482fc0, C4<0>, C4<0>;
v0x2469a80_0 .net *"_s1", 0 0, L_0x2481ea0; 1 drivers
v0x2480b30_0 .net *"_s11", 0 0, L_0x2482290; 1 drivers
v0x2480bd0_0 .net *"_s12", 0 0, L_0x2482330; 1 drivers
v0x2480c70_0 .net *"_s15", 0 0, L_0x2482460; 1 drivers
v0x2480d20_0 .net *"_s16", 0 0, L_0x2482500; 1 drivers
v0x2480dc0_0 .net *"_s19", 0 0, L_0x2482600; 1 drivers
v0x2480ea0_0 .net *"_s20", 0 0, L_0x24826a0; 1 drivers
v0x2480f40_0 .net *"_s23", 0 0, L_0x24827a0; 1 drivers
v0x2481030_0 .net *"_s24", 0 0, L_0x2482150; 1 drivers
v0x24810d0_0 .net *"_s27", 0 0, L_0x2482a30; 1 drivers
v0x24811d0_0 .net *"_s28", 0 0, L_0x2482b20; 1 drivers
v0x2481270_0 .net *"_s3", 0 0, L_0x2481f40; 1 drivers
v0x2481380_0 .net *"_s31", 0 0, L_0x2482c20; 1 drivers
v0x2481420_0 .net *"_s32", 0 0, L_0x2482cc0; 1 drivers
v0x2481540_0 .net *"_s35", 0 0, L_0x2482e10; 1 drivers
v0x24815e0_0 .net *"_s36", 0 0, L_0x2482f10; 1 drivers
v0x24814a0_0 .net *"_s38", 0 0, L_0x2482fc0; 1 drivers
v0x2481730_0 .net *"_s4", 0 0, L_0x2481150; 1 drivers
v0x2481850_0 .net *"_s7", 0 0, L_0x24820b0; 1 drivers
v0x24818d0_0 .net *"_s8", 0 0, L_0x24821e0; 1 drivers
v0x24817b0_0 .net "enablen", 0 0, v0x2481aa0_0; 1 drivers
v0x2481a00_0 .alias "loadn", 0 0, v0x2481c90_0;
v0x2481950_0 .var "saida_cod", 3 0;
v0x2481b40_0 .net "teclado_microondas", 9 0, v0x2481d40_0; 1 drivers
E_0x2457010 .event edge, v0x2481b40_0;
L_0x2481ea0 .part v0x2481d40_0, 0, 1;
L_0x2481f40 .part v0x2481d40_0, 1, 1;
L_0x24820b0 .part v0x2481d40_0, 2, 1;
L_0x2482290 .part v0x2481d40_0, 3, 1;
L_0x2482460 .part v0x2481d40_0, 4, 1;
L_0x2482600 .part v0x2481d40_0, 5, 1;
L_0x24827a0 .part v0x2481d40_0, 6, 1;
L_0x2482a30 .part v0x2481d40_0, 7, 1;
L_0x2482c20 .part v0x2481d40_0, 8, 1;
L_0x2482e10 .part v0x2481d40_0, 9, 1;
    .scope S_0x2469990;
T_0 ;
    %wait E_0x2457010;
    %load/v 8, v0x2481b40_0, 10;
    %movi 18, 1, 10;
    %cmp/z 8, 18, 10;
    %jmp/1 T_0.0, 4;
    %mov 18, 3, 1;
    %movi 19, 1, 9;
    %cmp/z 8, 18, 10;
    %jmp/1 T_0.1, 4;
    %mov 28, 3, 2;
    %movi 30, 1, 8;
    %cmp/z 8, 28, 10;
    %jmp/1 T_0.2, 4;
    %mov 38, 3, 3;
    %movi 41, 1, 7;
    %cmp/z 8, 38, 10;
    %jmp/1 T_0.3, 4;
    %mov 48, 3, 4;
    %movi 52, 1, 6;
    %cmp/z 8, 48, 10;
    %jmp/1 T_0.4, 4;
    %mov 58, 3, 5;
    %movi 63, 1, 5;
    %cmp/z 8, 58, 10;
    %jmp/1 T_0.5, 4;
    %mov 68, 3, 6;
    %movi 74, 1, 4;
    %cmp/z 8, 68, 10;
    %jmp/1 T_0.6, 4;
    %mov 78, 3, 7;
    %movi 85, 1, 3;
    %cmp/z 8, 78, 10;
    %jmp/1 T_0.7, 4;
    %mov 88, 3, 8;
    %movi 96, 1, 2;
    %cmp/z 8, 88, 10;
    %jmp/1 T_0.8, 4;
    %mov 98, 3, 9;
    %movi 107, 1, 1;
    %cmp/z 8, 98, 10;
    %jmp/1 T_0.9, 4;
    %set/v v0x2481950_0, 0, 4;
    %jmp T_0.11;
T_0.0 ;
    %set/v v0x2481950_0, 0, 4;
    %jmp T_0.11;
T_0.1 ;
    %movi 8, 1, 4;
    %set/v v0x2481950_0, 8, 4;
    %jmp T_0.11;
T_0.2 ;
    %movi 8, 2, 4;
    %set/v v0x2481950_0, 8, 4;
    %jmp T_0.11;
T_0.3 ;
    %movi 8, 3, 4;
    %set/v v0x2481950_0, 8, 4;
    %jmp T_0.11;
T_0.4 ;
    %movi 8, 4, 4;
    %set/v v0x2481950_0, 8, 4;
    %jmp T_0.11;
T_0.5 ;
    %movi 8, 5, 4;
    %set/v v0x2481950_0, 8, 4;
    %jmp T_0.11;
T_0.6 ;
    %movi 8, 6, 4;
    %set/v v0x2481950_0, 8, 4;
    %jmp T_0.11;
T_0.7 ;
    %movi 8, 7, 4;
    %set/v v0x2481950_0, 8, 4;
    %jmp T_0.11;
T_0.8 ;
    %movi 8, 8, 4;
    %set/v v0x2481950_0, 8, 4;
    %jmp T_0.11;
T_0.9 ;
    %movi 8, 9, 4;
    %set/v v0x2481950_0, 8, 4;
    %jmp T_0.11;
T_0.11 ;
    %jmp T_0;
    .thread T_0, $push;
    .scope S_0x24698a0;
T_1 ;
    %vpi_call 2 14 "$dumpfile", "encoder.vcd";
    %vpi_call 2 15 "$dumpvars", 1'sb0, S_0x24698a0;
    %set/v v0x2481aa0_0, 1, 1;
    %movi 8, 2, 10;
    %set/v v0x2481d40_0, 8, 10;
    %delay 10, 0;
    %set/v v0x2481d40_0, 0, 10;
    %delay 10, 0;
    %set/v v0x2481aa0_0, 0, 1;
    %set/v v0x2481d40_0, 0, 10;
    %delay 10, 0;
    %movi 8, 1, 10;
    %set/v v0x2481d40_0, 8, 10;
    %delay 10, 0;
    %movi 8, 2, 10;
    %set/v v0x2481d40_0, 8, 10;
    %delay 10, 0;
    %movi 8, 4, 10;
    %set/v v0x2481d40_0, 8, 10;
    %delay 10, 0;
    %movi 8, 9, 10;
    %set/v v0x2481d40_0, 8, 10;
    %delay 10, 0;
    %movi 8, 8, 10;
    %set/v v0x2481d40_0, 8, 10;
    %delay 10, 0;
    %movi 8, 16, 10;
    %set/v v0x2481d40_0, 8, 10;
    %delay 10, 0;
    %movi 8, 32, 10;
    %set/v v0x2481d40_0, 8, 10;
    %delay 10, 0;
    %movi 8, 64, 10;
    %set/v v0x2481d40_0, 8, 10;
    %delay 10, 0;
    %movi 8, 128, 10;
    %set/v v0x2481d40_0, 8, 10;
    %delay 10, 0;
    %end;
    .thread T_1;
# The file index is used to find the file name in the following table.
:file_names 4;
    "N/A";
    "<interactive>";
    "testbench.sv";
    "design.sv";
