#! /usr/share/iverilog-0.9.7/bin/vvp
:ivl_version "0.9.7 " "(v0_9_6)";
:vpi_time_precision - 3;
:vpi_module "system";
:vpi_module "v2005_math";
:vpi_module "va_math";
S_0x1ca4fb0 .scope module, "counter_7_tb" "counter_7_tb" 2 3;
 .timescale -3 -3;
v0x1cb55a0_0 .var "clear", 0 0;
v0x1cb5670_0 .var "clock", 0 0;
v0x1cb5720_0 .net "saida", 0 0, v0x1cb54f0_0; 1 drivers
S_0x1ca50a0 .scope module, "dut" "contadorNaoReciclavel_0_7" 2 9, 3 1, S_0x1ca4fb0;
 .timescale 0 0;
v0x1c81eb0_0 .net "clear", 0 0, v0x1cb55a0_0; 1 drivers
v0x1cb53b0_0 .net "clock", 0 0, v0x1cb5670_0; 1 drivers
v0x1cb5450_0 .var "contador", 2 0;
v0x1cb54f0_0 .var "saida", 0 0;
E_0x1c81150 .event posedge, v0x1cb53b0_0;
    .scope S_0x1ca50a0;
T_0 ;
    %set/v v0x1cb5450_0, 0, 3;
    %end;
    .thread T_0;
    .scope S_0x1ca50a0;
T_1 ;
    %wait E_0x1c81150;
    %load/v 8, v0x1c81eb0_0, 1;
    %mov 9, 0, 2;
    %cmpi/u 8, 1, 3;
    %jmp/0xz  T_1.0, 4;
    %ix/load 0, 3, 0;
    %assign/v0 v0x1cb5450_0, 0, 0;
    %ix/load 0, 1, 0;
    %assign/v0 v0x1cb54f0_0, 0, 0;
    %jmp T_1.1;
T_1.0 ;
    %load/v 8, v0x1cb5450_0, 3;
    %mov 11, 0, 2;
   %cmpi/u 8, 7, 5;
    %jmp/0xz  T_1.2, 5;
    %load/v 8, v0x1cb5450_0, 3;
    %mov 11, 0, 29;
    %addi 8, 1, 32;
    %set/v v0x1cb5450_0, 8, 3;
    %load/v 8, v0x1cb5450_0, 3;
    %mov 11, 0, 2;
    %cmpi/u 8, 4, 5;
    %jmp/0xz  T_1.4, 4;
    %ix/load 0, 1, 0;
    %assign/v0 v0x1cb54f0_0, 0, 1;
    %jmp T_1.5;
T_1.4 ;
    %ix/load 0, 1, 0;
    %assign/v0 v0x1cb54f0_0, 0, 0;
T_1.5 ;
T_1.2 ;
T_1.1 ;
    %jmp T_1;
    .thread T_1;
    .scope S_0x1ca4fb0;
T_2 ;
    %delay 5, 0;
    %load/v 8, v0x1cb5670_0, 1;
    %inv 8, 1;
    %set/v v0x1cb5670_0, 8, 1;
    %jmp T_2;
    .thread T_2;
    .scope S_0x1ca4fb0;
T_3 ;
    %delay 80, 0;
    %load/v 8, v0x1cb55a0_0, 1;
    %inv 8, 1;
    %set/v v0x1cb55a0_0, 8, 1;
    %jmp T_3;
    .thread T_3;
    .scope S_0x1ca4fb0;
T_4 ;
    %vpi_call 2 16 "$dumpfile", "counter07.vcd";
    %vpi_call 2 17 "$dumpvars", 1'sb0, S_0x1ca4fb0;
    %set/v v0x1cb5670_0, 0, 1;
    %set/v v0x1cb55a0_0, 0, 1;
    %delay 300, 0;
    %vpi_call 2 20 "$finish";
    %end;
    .thread T_4;
# The file index is used to find the file name in the following table.
:file_names 4;
    "N/A";
    "<interactive>";
    "testbench.sv";
    "design.sv";
